<?xml version="1.0" encoding="UTF-8"?>
<Site BuildName="(empty)"
	BuildStamp="20250120-1204-Experimental"
	Name="stormtrooper"
	Generator="ctest-3.22.1"
	CompilerName="/usr/bin/g++"
	CompilerVersion="11.4.0"
	OSName="Linux"
	Hostname="stormtrooper"
	OSRelease="6.8.0-51-generic"
	OSVersion="#52~22.04.1-Ubuntu SMP PREEMPT_DYNAMIC Mon Dec  9 15:00:52 UTC 2"
	OSPlatform="x86_64"
	Is64Bits="1"
	VendorString="GenuineIntel"
	VendorID="Intel Corporation"
	FamilyID="6"
	ModelID="60"
	ProcessorCacheSize="6144"
	NumberOfLogicalCPU="4"
	NumberOfPhysicalCPU="4"
	TotalVirtualMemory="2047"
	TotalPhysicalMemory="15826"
	LogicalProcessorsPerPhysical="1"
	ProcessorClockFrequency="3890.99"
	>
	<Testing>
		<StartDateTime>Jan 20 15:37 CET</StartDateTime>
		<StartTestTime>1737383870</StartTestTime>
		<TestList/>
		<EndDateTime>Jan 20 15:37 CET</EndDateTime>
		<EndTestTime>1737383870</EndTestTime>
		<ElapsedMinutes>0</ElapsedMinutes>
	</Testing>
</Site>
